<?xml version="1.0" encoding="UTF-8"?>
<testng-results skipped="0" failed="0" ignored="0" total="1" passed="1">
  <reporter-output>
  </reporter-output>
  <suite name="Default suite" duration-ms="24329" started-at="2019-01-31T18:37:19Z" finished-at="2019-01-31T18:37:43Z">
    <groups>
    </groups>
    <test name="Default test" duration-ms="24329" started-at="2019-01-31T18:37:19Z" finished-at="2019-01-31T18:37:43Z">
      <class name="MavenDemo1.MavenDemo.login">
        <test-method status="PASS" signature="setup()[pri:0, instance:MavenDemo1.MavenDemo.login@f57048]" name="setup" duration-ms="24291" started-at="2019-01-31T18:37:19Z" finished-at="2019-01-31T18:37:43Z">
          <reporter-output>
          </reporter-output>
        </test-method> <!-- setup -->
      </class> <!-- MavenDemo1.MavenDemo.login -->
    </test> <!-- Default test -->
  </suite> <!-- Default suite -->
</testng-results>
